[debug] [2022-07-12T10:24:20.855Z] ----------------------------------------------------------------------
[debug] [2022-07-12T10:24:20.857Z] Command:       C:\Program Files\nodejs\node.exe C:\Users\Vishu\AppData\Roaming\npm\node_modules\firebase-tools\lib\bin\firebase.js init
[debug] [2022-07-12T10:24:20.857Z] CLI Version:   11.2.1
[debug] [2022-07-12T10:24:20.857Z] Platform:      win32
[debug] [2022-07-12T10:24:20.857Z] Node Version:  v18.3.0
[debug] [2022-07-12T10:24:20.858Z] Time:          Tue Jul 12 2022 15:54:20 GMT+0530 (India Standard Time)
[debug] [2022-07-12T10:24:20.858Z] ----------------------------------------------------------------------
[debug] 
[debug] [2022-07-12T10:24:20.915Z] > command requires scopes: ["email","openid","https://www.googleapis.com/auth/cloudplatformprojects.readonly","https://www.googleapis.com/auth/firebase","https://www.googleapis.com/auth/cloud-platform"]
[debug] [2022-07-12T10:24:20.916Z] > authorizing via signed-in user (vishalranjanrathor@gmail.com)
[info] 
     ######## #### ########  ######## ########     ###     ######  ########
     ##        ##  ##     ## ##       ##     ##  ##   ##  ##       ##
     ######    ##  ########  ######   ########  #########  ######  ######
     ##        ##  ##    ##  ##       ##     ## ##     ##       ## ##
     ##       #### ##     ## ######## ########  ##     ##  ######  ########

You're about to initialize a Firebase project in this directory:

  C:\Users\Vishu\Desktop\twitter-clone

Before we get started, keep in mind:

  * You are initializing within an existing Firebase project directory

[info] 
=== Project Setup
[info] 
[info] First, let's associate this project directory with a Firebase project.
[info] You can create multiple project aliases by running firebase use --add, 
[info] but for now we'll just set up a default project.
[info] 
[debug] [2022-07-12T10:27:24.938Z] Using project from CLI flag: twitter-clone-vishal
[debug] [2022-07-12T10:27:24.944Z] >>> [apiv2][query] GET https://firebase.googleapis.com/v1beta1/projects/twitter-clone-vishal [none]
[debug] [2022-07-12T10:27:26.310Z] <<< [apiv2][status] GET https://firebase.googleapis.com/v1beta1/projects/twitter-clone-vishal 403
[debug] [2022-07-12T10:27:26.311Z] <<< [apiv2][body] GET https://firebase.googleapis.com/v1beta1/projects/twitter-clone-vishal {"error":{"code":403,"message":"The caller does not have permission","status":"PERMISSION_DENIED"}}
[debug] [2022-07-12T10:27:26.313Z] HTTP Error: 403, The caller does not have permission
[debug] [2022-07-12T10:27:26.660Z] FirebaseError: HTTP Error: 403, The caller does not have permission
    at responseToError (C:\Users\Vishu\AppData\Roaming\npm\node_modules\firebase-tools\lib\responseToError.js:49:12)
    at RetryOperation._fn (C:\Users\Vishu\AppData\Roaming\npm\node_modules\firebase-tools\lib\apiv2.js:287:77)
    at process.processTicksAndRejections (node:internal/process/task_queues:95:5)
[error] 
[error] Error: Failed to get Firebase project twitter-clone-vishal. Please make sure the project exists and your account has permission to access it.
